STL translation to Solid Edge
Fecha: viernes,noviembre 22,2024 09:41a. m.
Archivo fuente:C:\Users\OPILAB\Desktop\Linear Servo Actuators - 3170748\files\Motor_Bracket_Large_Version.STL
Autor: Desconocido
Organización: Desconocido
Sistema fuente: DEX

Hardware:
Procesador: 11th Gen Intel(R) Core(TM) i7-1165G7 @ 2.80GHz
Sistema operativo: Windows 10 Professional
Memoria instalada: 15,70 GB

Información sobre el software:
Versión de Parasolid: 36.0.142
Versión de PSBodyShop: 36.0.108
Versión del adaptador STL: 13.0.193
Versión de Solid Edge: 224.00.00.101 x64

STL Import Options
Reparar fallos en la malla: Desactivado
Crear operación base: Activado
Habilitar registro de anotaciones: Activado

Avance en la conversión:
Se completó el proceso de conversión
Tiempo necesario para convertir:00 : 00 : 01
